<?xml version="1.0" encoding="UTF-8" ?>
<testsuite failures="0" time="0.01" errors="0" skipped="0" tests="1" name="com.fi.test.AppTest">
  <properties>
    <property name="java.runtime.name" value="Java(TM) SE Runtime Environment"/>
    <property name="sun.boot.library.path" value="C:\Program Files\Java\jre7\bin"/>
    <property name="java.vm.version" value="24.79-b02"/>
    <property name="java.vm.vendor" value="Oracle Corporation"/>
    <property name="java.vendor.url" value="http://java.oracle.com/"/>
    <property name="path.separator" value=";"/>
    <property name="java.vm.name" value="Java HotSpot(TM) 64-Bit Server VM"/>
    <property name="file.encoding.pkg" value="sun.io"/>
    <property name="user.script" value=""/>
    <property name="user.country" value="CN"/>
    <property name="sun.java.launcher" value="SUN_STANDARD"/>
    <property name="sun.os.patch.level" value=""/>
    <property name="java.vm.specification.name" value="Java Virtual Machine Specification"/>
    <property name="user.dir" value="H:\Workspace\test"/>
    <property name="java.runtime.version" value="1.7.0_79-b15"/>
    <property name="java.awt.graphicsenv" value="sun.awt.Win32GraphicsEnvironment"/>
    <property name="basedir" value="H:\Workspace\test"/>
    <property name="java.endorsed.dirs" value="C:\Program Files\Java\jre7\lib\endorsed"/>
    <property name="os.arch" value="amd64"/>
    <property name="surefire.real.class.path" value="H:\Workspace\test\target\surefire\surefirebooter8231227883216310350.jar"/>
    <property name="java.io.tmpdir" value="C:\Users\wxx1223\AppData\Local\Temp\"/>
    <property name="line.separator" value="
"/>
    <property name="java.vm.specification.vendor" value="Oracle Corporation"/>
    <property name="user.variant" value=""/>
    <property name="os.name" value="Windows 8.1"/>
    <property name="sun.jnu.encoding" value="GBK"/>
    <property name="java.library.path" value="C:\Program Files\Java\jre7\bin;C:\Windows\Sun\Java\bin;C:\Windows\system32;C:\Windows;C:/Program Files/Java/jdk1.7.0_79/bin/../jre/bin/server;C:/Program Files/Java/jdk1.7.0_79/bin/../jre/bin;C:/Program Files/Java/jdk1.7.0_79/bin/../jre/lib/amd64;C:\ProgramData\Oracle\Java\javapath;C:\Program Files (x86)\Intel\iCLS Client\;C:\Program Files\Intel\iCLS Client\;C:\Windows\system32;C:\Windows;C:\Windows\System32\Wbem;C:\Windows\System32\WindowsPowerShell\v1.0\;C:\Program Files (x86)\Intel\Intel(R) Management Engine Components\DAL;C:\Program Files\Intel\Intel(R) Management Engine Components\DAL;C:\Program Files (x86)\Intel\Intel(R) Management Engine Components\IPT;C:\Program Files\Intel\Intel(R) Management Engine Components\IPT;C:\Program Files\Java\jdk1.7.0_79\bin;C:\Program Files\Java\jdk1.7.0_79\jre\bin;E:\apache-maven-3.3.9\bin;H:\TortoiseSVN\bin;H:\eclipse;;."/>
    <property name="surefire.test.class.path" value="H:\Workspace\test\target\test-classes;H:\Workspace\test\target\classes;H:\repo\junit\junit\3.8.1\junit-3.8.1.jar;H:\repo\org\apache\logging\log4j\log4j-api\2.2\log4j-api-2.2.jar;H:\repo\org\apache\logging\log4j\log4j-core\2.2\log4j-core-2.2.jar;H:\repo\commons-logging\commons-logging\1.2\commons-logging-1.2.jar;H:\repo\org\apache\logging\log4j\log4j-jcl\2.2\log4j-jcl-2.2.jar;H:\repo\org\apache\logging\log4j\log4j-nosql\2.2\log4j-nosql-2.2.jar;H:\repo\org\apache\logging\log4j\log4j-web\2.2\log4j-web-2.2.jar;H:\repo\org\apache\logging\log4j\log4j-slf4j-impl\2.0\log4j-slf4j-impl-2.0.jar;H:\repo\org\slf4j\slf4j-api\1.7.7\slf4j-api-1.7.7.jar;H:\repo\com\fi\http\HttpClientCrawler\0.0.1-SNAPSHOT\HttpClientCrawler-0.0.1-SNAPSHOT.jar;H:\repo\oauth\signpost\signpost-core\1.2.1.2\signpost-core-1.2.1.2.jar;H:\repo\commons-codec\commons-codec\1.3\commons-codec-1.3.jar;H:\repo\org\springframework\spring-context\4.1.6.RELEASE\spring-context-4.1.6.RELEASE.jar;H:\repo\org\springframework\spring-aop\4.1.6.RELEASE\spring-aop-4.1.6.RELEASE.jar;H:\repo\aopalliance\aopalliance\1.0\aopalliance-1.0.jar;H:\repo\org\springframework\spring-beans\4.1.6.RELEASE\spring-beans-4.1.6.RELEASE.jar;H:\repo\org\springframework\spring-core\4.1.6.RELEASE\spring-core-4.1.6.RELEASE.jar;H:\repo\org\springframework\spring-expression\4.1.6.RELEASE\spring-expression-4.1.6.RELEASE.jar;H:\repo\org\apache\httpcomponents\httpclient\4.5\httpclient-4.5.jar;H:\repo\org\apache\httpcomponents\httpcore\4.4.1\httpcore-4.4.1.jar;H:\repo\org\apache\commons\commons-lang3\3.4\commons-lang3-3.4.jar;H:\repo\commons-io\commons-io\2.4\commons-io-2.4.jar;H:\repo\net\sf\json-lib\json-lib\2.4\json-lib-2.4-jdk15.jar;H:\repo\commons-beanutils\commons-beanutils\1.8.0\commons-beanutils-1.8.0.jar;H:\repo\commons-collections\commons-collections\3.2.1\commons-collections-3.2.1.jar;H:\repo\commons-lang\commons-lang\2.5\commons-lang-2.5.jar;H:\repo\net\sf\ezmorph\ezmorph\1.0.6\ezmorph-1.0.6.jar;H:\repo\com\fi\selenium\selenium-standardone\0.0.1-SNAPSHOT\selenium-standardone-0.0.1-SNAPSHOT.jar;H:\repo\org\seleniumhq\selenium\selenium-java\2.48.2\selenium-java-2.48.2.jar;H:\repo\org\seleniumhq\selenium\selenium-chrome-driver\2.48.2\selenium-chrome-driver-2.48.2.jar;H:\repo\org\seleniumhq\selenium\selenium-remote-driver\2.48.2\selenium-remote-driver-2.48.2.jar;H:\repo\cglib\cglib-nodep\2.1_3\cglib-nodep-2.1_3.jar;H:\repo\com\google\code\gson\gson\2.3.1\gson-2.3.1.jar;H:\repo\org\seleniumhq\selenium\selenium-api\2.48.2\selenium-api-2.48.2.jar;H:\repo\com\google\guava\guava\18.0\guava-18.0.jar;H:\repo\org\seleniumhq\selenium\selenium-edge-driver\2.48.2\selenium-edge-driver-2.48.2.jar;H:\repo\org\apache\commons\commons-exec\1.3\commons-exec-1.3.jar;H:\repo\org\seleniumhq\selenium\selenium-htmlunit-driver\2.48.2\selenium-htmlunit-driver-2.48.2.jar;H:\repo\net\sourceforge\htmlunit\htmlunit\2.18\htmlunit-2.18.jar;H:\repo\xalan\xalan\2.7.2\xalan-2.7.2.jar;H:\repo\xalan\serializer\2.7.2\serializer-2.7.2.jar;H:\repo\org\apache\httpcomponents\httpmime\4.5\httpmime-4.5.jar;H:\repo\net\sourceforge\htmlunit\htmlunit-core-js\2.17\htmlunit-core-js-2.17.jar;H:\repo\xerces\xercesImpl\2.11.0\xercesImpl-2.11.0.jar;H:\repo\xml-apis\xml-apis\1.4.01\xml-apis-1.4.01.jar;H:\repo\net\sourceforge\nekohtml\nekohtml\1.9.22\nekohtml-1.9.22.jar;H:\repo\net\sourceforge\cssparser\cssparser\0.9.16\cssparser-0.9.16.jar;H:\repo\org\w3c\css\sac\1.3\sac-1.3.jar;H:\repo\org\eclipse\jetty\websocket\websocket-client\9.2.12.v20150709\websocket-client-9.2.12.v20150709.jar;H:\repo\org\eclipse\jetty\jetty-util\9.2.12.v20150709\jetty-util-9.2.12.v20150709.jar;H:\repo\org\eclipse\jetty\jetty-io\9.2.12.v20150709\jetty-io-9.2.12.v20150709.jar;H:\repo\org\eclipse\jetty\websocket\websocket-common\9.2.12.v20150709\websocket-common-9.2.12.v20150709.jar;H:\repo\org\eclipse\jetty\websocket\websocket-api\9.2.12.v20150709\websocket-api-9.2.12.v20150709.jar;H:\repo\org\seleniumhq\selenium\selenium-firefox-driver\2.48.2\selenium-firefox-driver-2.48.2.jar;H:\repo\org\seleniumhq\selenium\selenium-ie-driver\2.48.2\selenium-ie-driver-2.48.2.jar;H:\repo\net\java\dev\jna\jna\4.1.0\jna-4.1.0.jar;H:\repo\net\java\dev\jna\jna-platform\4.1.0\jna-platform-4.1.0.jar;H:\repo\org\seleniumhq\selenium\selenium-safari-driver\2.48.2\selenium-safari-driver-2.48.2.jar;H:\repo\org\seleniumhq\selenium\selenium-support\2.48.2\selenium-support-2.48.2.jar;H:\repo\org\webbitserver\webbit\0.4.14\webbit-0.4.14.jar;H:\repo\org\seleniumhq\selenium\selenium-leg-rc\2.48.2\selenium-leg-rc-2.48.2.jar;H:\repo\org\apache\commons\commons-pool2\2.3\commons-pool2-2.3.jar;H:\repo\org\apache\james\james-server-dnsservice-dnsjava\3.0-M2\james-server-dnsservice-dnsjava-3.0-M2.jar;H:\repo\org\apache\james\james-server-dnsservice-api\3.0-M2\james-server-dnsservice-api-3.0-M2.jar;H:\repo\javax\mail\mail\1.4.3\mail-1.4.3.jar;H:\repo\javax\activation\activation\1.1\activation-1.1.jar;H:\repo\org\apache\james\apache-mailet\2.4\apache-mailet-2.4.jar;H:\repo\org\apache\james\james-server-core-api\3.0-M2\james-server-core-api-3.0-M2.jar;H:\repo\commons-configuration\commons-configuration\1.6\commons-configuration-1.6.jar;H:\repo\dnsjava\dnsjava\2.1.0\dnsjava-2.1.0.jar;H:\repo\javax\annotation\jsr250-api\1.0\jsr250-api-1.0.jar;H:\repo\com\fi\http\communication\common-communication\0.0.1-SNAPSHOT\common-communication-0.0.1-SNAPSHOT.jar;H:\repo\com\fi\common\common-util\0.0.1-SNAPSHOT\common-util-0.0.1-SNAPSHOT.jar;H:\repo\org\apache\activemq\activemq-client\5.11.1\activemq-client-5.11.1.jar;H:\repo\org\apache\geronimo\specs\geronimo-jms_1.1_spec\1.1.1\geronimo-jms_1.1_spec-1.1.1.jar;H:\repo\org\apache\geronimo\specs\geronimo-j2ee-management_1.1_spec\1.0.1\geronimo-j2ee-management_1.1_spec-1.0.1.jar;H:\repo\com\sleepycat\je\5.0.73\je-5.0.73.jar;H:\repo\com\fi\common-mysql\0.0.1-SNAPSHOT\common-mysql-0.0.1-SNAPSHOT.jar;H:\repo\org\springframework\data\spring-data-oracle\1.1.0.RELEASE\spring-data-oracle-1.1.0.RELEASE.jar;H:\repo\org\springframework\spring-tx\3.0.7.RELEASE\spring-tx-3.0.7.RELEASE.jar;H:\repo\org\springframework\data\spring-data-jdbc-core\1.1.0.RELEASE\spring-data-jdbc-core-1.1.0.RELEASE.jar;H:\repo\org\springframework\spring-jdbc\3.0.7.RELEASE\spring-jdbc-3.0.7.RELEASE.jar;H:\repo\org\springframework\retry\spring-retry\1.0.3.RELEASE\spring-retry-1.0.3.RELEASE.jar;H:\repo\org\apache\commons\commons-dbcp2\2.1\commons-dbcp2-2.1.jar;H:\repo\mysql\mysql-connector-java\5.1.35\mysql-connector-java-5.1.35.jar;H:\repo\org\apache\zookeeper\zookeeper\3.4.6\zookeeper-3.4.6.jar;H:\repo\jline\jline\0.9.94\jline-0.9.94.jar;H:\repo\io\netty\netty\3.7.0.Final\netty-3.7.0.Final.jar;H:\repo\org\jsoup\jsoup\1.8.2\jsoup-1.8.2.jar;"/>
    <property name="java.specification.name" value="Java Platform API Specification"/>
    <property name="java.class.version" value="51.0"/>
    <property name="sun.management.compiler" value="HotSpot 64-Bit Tiered Compilers"/>
    <property name="os.version" value="6.3"/>
    <property name="user.home" value="C:\Users\wxx1223"/>
    <property name="user.timezone" value=""/>
    <property name="java.awt.printerjob" value="sun.awt.windows.WPrinterJob"/>
    <property name="java.specification.version" value="1.7"/>
    <property name="file.encoding" value="GBK"/>
    <property name="user.name" value="wxx1223"/>
    <property name="java.class.path" value="H:\Workspace\test\target\test-classes;H:\Workspace\test\target\classes;H:\repo\junit\junit\3.8.1\junit-3.8.1.jar;H:\repo\org\apache\logging\log4j\log4j-api\2.2\log4j-api-2.2.jar;H:\repo\org\apache\logging\log4j\log4j-core\2.2\log4j-core-2.2.jar;H:\repo\commons-logging\commons-logging\1.2\commons-logging-1.2.jar;H:\repo\org\apache\logging\log4j\log4j-jcl\2.2\log4j-jcl-2.2.jar;H:\repo\org\apache\logging\log4j\log4j-nosql\2.2\log4j-nosql-2.2.jar;H:\repo\org\apache\logging\log4j\log4j-web\2.2\log4j-web-2.2.jar;H:\repo\org\apache\logging\log4j\log4j-slf4j-impl\2.0\log4j-slf4j-impl-2.0.jar;H:\repo\org\slf4j\slf4j-api\1.7.7\slf4j-api-1.7.7.jar;H:\repo\com\fi\http\HttpClientCrawler\0.0.1-SNAPSHOT\HttpClientCrawler-0.0.1-SNAPSHOT.jar;H:\repo\oauth\signpost\signpost-core\1.2.1.2\signpost-core-1.2.1.2.jar;H:\repo\commons-codec\commons-codec\1.3\commons-codec-1.3.jar;H:\repo\org\springframework\spring-context\4.1.6.RELEASE\spring-context-4.1.6.RELEASE.jar;H:\repo\org\springframework\spring-aop\4.1.6.RELEASE\spring-aop-4.1.6.RELEASE.jar;H:\repo\aopalliance\aopalliance\1.0\aopalliance-1.0.jar;H:\repo\org\springframework\spring-beans\4.1.6.RELEASE\spring-beans-4.1.6.RELEASE.jar;H:\repo\org\springframework\spring-core\4.1.6.RELEASE\spring-core-4.1.6.RELEASE.jar;H:\repo\org\springframework\spring-expression\4.1.6.RELEASE\spring-expression-4.1.6.RELEASE.jar;H:\repo\org\apache\httpcomponents\httpclient\4.5\httpclient-4.5.jar;H:\repo\org\apache\httpcomponents\httpcore\4.4.1\httpcore-4.4.1.jar;H:\repo\org\apache\commons\commons-lang3\3.4\commons-lang3-3.4.jar;H:\repo\commons-io\commons-io\2.4\commons-io-2.4.jar;H:\repo\net\sf\json-lib\json-lib\2.4\json-lib-2.4-jdk15.jar;H:\repo\commons-beanutils\commons-beanutils\1.8.0\commons-beanutils-1.8.0.jar;H:\repo\commons-collections\commons-collections\3.2.1\commons-collections-3.2.1.jar;H:\repo\commons-lang\commons-lang\2.5\commons-lang-2.5.jar;H:\repo\net\sf\ezmorph\ezmorph\1.0.6\ezmorph-1.0.6.jar;H:\repo\com\fi\selenium\selenium-standardone\0.0.1-SNAPSHOT\selenium-standardone-0.0.1-SNAPSHOT.jar;H:\repo\org\seleniumhq\selenium\selenium-java\2.48.2\selenium-java-2.48.2.jar;H:\repo\org\seleniumhq\selenium\selenium-chrome-driver\2.48.2\selenium-chrome-driver-2.48.2.jar;H:\repo\org\seleniumhq\selenium\selenium-remote-driver\2.48.2\selenium-remote-driver-2.48.2.jar;H:\repo\cglib\cglib-nodep\2.1_3\cglib-nodep-2.1_3.jar;H:\repo\com\google\code\gson\gson\2.3.1\gson-2.3.1.jar;H:\repo\org\seleniumhq\selenium\selenium-api\2.48.2\selenium-api-2.48.2.jar;H:\repo\com\google\guava\guava\18.0\guava-18.0.jar;H:\repo\org\seleniumhq\selenium\selenium-edge-driver\2.48.2\selenium-edge-driver-2.48.2.jar;H:\repo\org\apache\commons\commons-exec\1.3\commons-exec-1.3.jar;H:\repo\org\seleniumhq\selenium\selenium-htmlunit-driver\2.48.2\selenium-htmlunit-driver-2.48.2.jar;H:\repo\net\sourceforge\htmlunit\htmlunit\2.18\htmlunit-2.18.jar;H:\repo\xalan\xalan\2.7.2\xalan-2.7.2.jar;H:\repo\xalan\serializer\2.7.2\serializer-2.7.2.jar;H:\repo\org\apache\httpcomponents\httpmime\4.5\httpmime-4.5.jar;H:\repo\net\sourceforge\htmlunit\htmlunit-core-js\2.17\htmlunit-core-js-2.17.jar;H:\repo\xerces\xercesImpl\2.11.0\xercesImpl-2.11.0.jar;H:\repo\xml-apis\xml-apis\1.4.01\xml-apis-1.4.01.jar;H:\repo\net\sourceforge\nekohtml\nekohtml\1.9.22\nekohtml-1.9.22.jar;H:\repo\net\sourceforge\cssparser\cssparser\0.9.16\cssparser-0.9.16.jar;H:\repo\org\w3c\css\sac\1.3\sac-1.3.jar;H:\repo\org\eclipse\jetty\websocket\websocket-client\9.2.12.v20150709\websocket-client-9.2.12.v20150709.jar;H:\repo\org\eclipse\jetty\jetty-util\9.2.12.v20150709\jetty-util-9.2.12.v20150709.jar;H:\repo\org\eclipse\jetty\jetty-io\9.2.12.v20150709\jetty-io-9.2.12.v20150709.jar;H:\repo\org\eclipse\jetty\websocket\websocket-common\9.2.12.v20150709\websocket-common-9.2.12.v20150709.jar;H:\repo\org\eclipse\jetty\websocket\websocket-api\9.2.12.v20150709\websocket-api-9.2.12.v20150709.jar;H:\repo\org\seleniumhq\selenium\selenium-firefox-driver\2.48.2\selenium-firefox-driver-2.48.2.jar;H:\repo\org\seleniumhq\selenium\selenium-ie-driver\2.48.2\selenium-ie-driver-2.48.2.jar;H:\repo\net\java\dev\jna\jna\4.1.0\jna-4.1.0.jar;H:\repo\net\java\dev\jna\jna-platform\4.1.0\jna-platform-4.1.0.jar;H:\repo\org\seleniumhq\selenium\selenium-safari-driver\2.48.2\selenium-safari-driver-2.48.2.jar;H:\repo\org\seleniumhq\selenium\selenium-support\2.48.2\selenium-support-2.48.2.jar;H:\repo\org\webbitserver\webbit\0.4.14\webbit-0.4.14.jar;H:\repo\org\seleniumhq\selenium\selenium-leg-rc\2.48.2\selenium-leg-rc-2.48.2.jar;H:\repo\org\apache\commons\commons-pool2\2.3\commons-pool2-2.3.jar;H:\repo\org\apache\james\james-server-dnsservice-dnsjava\3.0-M2\james-server-dnsservice-dnsjava-3.0-M2.jar;H:\repo\org\apache\james\james-server-dnsservice-api\3.0-M2\james-server-dnsservice-api-3.0-M2.jar;H:\repo\javax\mail\mail\1.4.3\mail-1.4.3.jar;H:\repo\javax\activation\activation\1.1\activation-1.1.jar;H:\repo\org\apache\james\apache-mailet\2.4\apache-mailet-2.4.jar;H:\repo\org\apache\james\james-server-core-api\3.0-M2\james-server-core-api-3.0-M2.jar;H:\repo\commons-configuration\commons-configuration\1.6\commons-configuration-1.6.jar;H:\repo\dnsjava\dnsjava\2.1.0\dnsjava-2.1.0.jar;H:\repo\javax\annotation\jsr250-api\1.0\jsr250-api-1.0.jar;H:\repo\com\fi\http\communication\common-communication\0.0.1-SNAPSHOT\common-communication-0.0.1-SNAPSHOT.jar;H:\repo\com\fi\common\common-util\0.0.1-SNAPSHOT\common-util-0.0.1-SNAPSHOT.jar;H:\repo\org\apache\activemq\activemq-client\5.11.1\activemq-client-5.11.1.jar;H:\repo\org\apache\geronimo\specs\geronimo-jms_1.1_spec\1.1.1\geronimo-jms_1.1_spec-1.1.1.jar;H:\repo\org\apache\geronimo\specs\geronimo-j2ee-management_1.1_spec\1.0.1\geronimo-j2ee-management_1.1_spec-1.0.1.jar;H:\repo\com\sleepycat\je\5.0.73\je-5.0.73.jar;H:\repo\com\fi\common-mysql\0.0.1-SNAPSHOT\common-mysql-0.0.1-SNAPSHOT.jar;H:\repo\org\springframework\data\spring-data-oracle\1.1.0.RELEASE\spring-data-oracle-1.1.0.RELEASE.jar;H:\repo\org\springframework\spring-tx\3.0.7.RELEASE\spring-tx-3.0.7.RELEASE.jar;H:\repo\org\springframework\data\spring-data-jdbc-core\1.1.0.RELEASE\spring-data-jdbc-core-1.1.0.RELEASE.jar;H:\repo\org\springframework\spring-jdbc\3.0.7.RELEASE\spring-jdbc-3.0.7.RELEASE.jar;H:\repo\org\springframework\retry\spring-retry\1.0.3.RELEASE\spring-retry-1.0.3.RELEASE.jar;H:\repo\org\apache\commons\commons-dbcp2\2.1\commons-dbcp2-2.1.jar;H:\repo\mysql\mysql-connector-java\5.1.35\mysql-connector-java-5.1.35.jar;H:\repo\org\apache\zookeeper\zookeeper\3.4.6\zookeeper-3.4.6.jar;H:\repo\jline\jline\0.9.94\jline-0.9.94.jar;H:\repo\io\netty\netty\3.7.0.Final\netty-3.7.0.Final.jar;H:\repo\org\jsoup\jsoup\1.8.2\jsoup-1.8.2.jar;"/>
    <property name="java.vm.specification.version" value="1.7"/>
    <property name="sun.arch.data.model" value="64"/>
    <property name="java.home" value="C:\Program Files\Java\jre7"/>
    <property name="sun.java.command" value="H:\Workspace\test\target\surefire\surefirebooter8231227883216310350.jar H:\Workspace\test\target\surefire\surefire3767816466886221852tmp H:\Workspace\test\target\surefire\surefire8064980437190140257tmp"/>
    <property name="java.specification.vendor" value="Oracle Corporation"/>
    <property name="user.language" value="zh"/>
    <property name="awt.toolkit" value="sun.awt.windows.WToolkit"/>
    <property name="java.vm.info" value="mixed mode"/>
    <property name="java.version" value="1.7.0_79"/>
    <property name="java.ext.dirs" value="C:\Program Files\Java\jre7\lib\ext;C:\Windows\Sun\Java\lib\ext"/>
    <property name="sun.boot.class.path" value="C:\Program Files\Java\jre7\lib\resources.jar;C:\Program Files\Java\jre7\lib\rt.jar;C:\Program Files\Java\jre7\lib\sunrsasign.jar;C:\Program Files\Java\jre7\lib\jsse.jar;C:\Program Files\Java\jre7\lib\jce.jar;C:\Program Files\Java\jre7\lib\charsets.jar;C:\Program Files\Java\jre7\lib\jfr.jar;C:\Program Files\Java\jre7\classes"/>
    <property name="java.vendor" value="Oracle Corporation"/>
    <property name="localRepository" value="H:\repo"/>
    <property name="file.separator" value="\"/>
    <property name="java.vendor.url.bug" value="http://bugreport.sun.com/bugreport/"/>
    <property name="sun.cpu.endian" value="little"/>
    <property name="sun.io.unicode.encoding" value="UnicodeLittle"/>
    <property name="sun.desktop" value="windows"/>
    <property name="sun.cpu.isalist" value="amd64"/>
  </properties>
  <testcase time="0.001" classname="com.fi.test.AppTest" name="testApp"/>
</testsuite>